j:\visual_studio_projects\2013_professional\3d_game_engine_tutorial\3d_game_engine\3d_game_engine\debug\vc120.pdb
j:\visual_studio_projects\2013_professional\3d_game_engine_tutorial\3d_game_engine\3d_game_engine\debug\vc120.idb
j:\visual_studio_projects\2013_professional\3d_game_engine_tutorial\3d_game_engine\3d_game_engine\debug\camera3d.obj
j:\visual_studio_projects\2013_professional\3d_game_engine_tutorial\3d_game_engine\3d_game_engine\debug\inputmanager.obj
j:\visual_studio_projects\2013_professional\3d_game_engine_tutorial\3d_game_engine\3d_game_engine\debug\iomanager.obj
j:\visual_studio_projects\2013_professional\3d_game_engine_tutorial\3d_game_engine\3d_game_engine\debug\main.obj
j:\visual_studio_projects\2013_professional\3d_game_engine_tutorial\3d_game_engine\3d_game_engine\debug\maingame.obj
j:\visual_studio_projects\2013_professional\3d_game_engine_tutorial\3d_game_engine\3d_game_engine\debug\mesh.obj
j:\visual_studio_projects\2013_professional\3d_game_engine_tutorial\3d_game_engine\3d_game_engine\debug\model.obj
j:\visual_studio_projects\2013_professional\3d_game_engine_tutorial\3d_game_engine\3d_game_engine\debug\model3d.obj
j:\visual_studio_projects\2013_professional\3d_game_engine_tutorial\3d_game_engine\3d_game_engine\debug\scene.obj
j:\visual_studio_projects\2013_professional\3d_game_engine_tutorial\3d_game_engine\3d_game_engine\debug\shadernova.obj
j:\visual_studio_projects\2013_professional\3d_game_engine_tutorial\3d_game_engine\3d_game_engine\debug\shape.obj
j:\visual_studio_projects\2013_professional\3d_game_engine_tutorial\3d_game_engine\3d_game_engine\debug\texture.obj
j:\visual_studio_projects\2013_professional\3d_game_engine_tutorial\3d_game_engine\3d_game_engine\debug\viewport.obj
j:\visual_studio_projects\2013_professional\3d_game_engine_tutorial\3d_game_engine\3d_game_engine\debug\stb_image.obj
j:\visual_studio_projects\2013_professional\3d_game_engine_tutorial\3d_game_engine\debug\3d_game_engine.ilk
j:\visual_studio_projects\2013_professional\3d_game_engine_tutorial\3d_game_engine\debug\3d_game_engine.exe
j:\visual_studio_projects\2013_professional\3d_game_engine_tutorial\3d_game_engine\debug\3d_game_engine.pdb
j:\visual_studio_projects\2013_professional\3d_game_engine_tutorial\3d_game_engine\3d_game_engine\debug\3d_game_engine.tlog\cl.command.1.tlog
j:\visual_studio_projects\2013_professional\3d_game_engine_tutorial\3d_game_engine\3d_game_engine\debug\3d_game_engine.tlog\cl.read.1.tlog
j:\visual_studio_projects\2013_professional\3d_game_engine_tutorial\3d_game_engine\3d_game_engine\debug\3d_game_engine.tlog\cl.write.1.tlog
j:\visual_studio_projects\2013_professional\3d_game_engine_tutorial\3d_game_engine\3d_game_engine\debug\3d_game_engine.tlog\link.command.1.tlog
j:\visual_studio_projects\2013_professional\3d_game_engine_tutorial\3d_game_engine\3d_game_engine\debug\3d_game_engine.tlog\link.read.1.tlog
j:\visual_studio_projects\2013_professional\3d_game_engine_tutorial\3d_game_engine\3d_game_engine\debug\3d_game_engine.tlog\link.write.1.tlog
