j:\visual_studio_projects\2013_professional\3d_game_engine_tutorial\3d_game_engine\3d_game_engine\release\vc120.pdb
j:\visual_studio_projects\2013_professional\3d_game_engine_tutorial\3d_game_engine\3d_game_engine\release\viewport.obj
j:\visual_studio_projects\2013_professional\3d_game_engine_tutorial\3d_game_engine\3d_game_engine\release\texture.obj
j:\visual_studio_projects\2013_professional\3d_game_engine_tutorial\3d_game_engine\3d_game_engine\release\shape.obj
j:\visual_studio_projects\2013_professional\3d_game_engine_tutorial\3d_game_engine\3d_game_engine\release\shadernova.obj
j:\visual_studio_projects\2013_professional\3d_game_engine_tutorial\3d_game_engine\3d_game_engine\release\shadermanager.obj
j:\visual_studio_projects\2013_professional\3d_game_engine_tutorial\3d_game_engine\3d_game_engine\release\mesh.obj
j:\visual_studio_projects\2013_professional\3d_game_engine_tutorial\3d_game_engine\3d_game_engine\release\maingame.obj
j:\visual_studio_projects\2013_professional\3d_game_engine_tutorial\3d_game_engine\3d_game_engine\release\main.obj
j:\visual_studio_projects\2013_professional\3d_game_engine_tutorial\3d_game_engine\3d_game_engine\release\iomanager.obj
j:\visual_studio_projects\2013_professional\3d_game_engine_tutorial\3d_game_engine\3d_game_engine\release\inputmanager.obj
j:\visual_studio_projects\2013_professional\3d_game_engine_tutorial\3d_game_engine\3d_game_engine\release\camera3d.obj
j:\visual_studio_projects\2013_professional\3d_game_engine_tutorial\3d_game_engine\3d_game_engine\release\assimpmodelloader.obj
j:\visual_studio_projects\2013_professional\3d_game_engine_tutorial\3d_game_engine\3d_game_engine\release\lighting.obj
j:\visual_studio_projects\2013_professional\3d_game_engine_tutorial\3d_game_engine\3d_game_engine\release\stb_image.obj
j:\visual_studio_projects\2013_professional\3d_game_engine_tutorial\3d_game_engine\release\3d_game_engine.exe
j:\visual_studio_projects\2013_professional\3d_game_engine_tutorial\3d_game_engine\release\3d_game_engine.pdb
j:\visual_studio_projects\2013_professional\3d_game_engine_tutorial\3d_game_engine\3d_game_engine\release\3d_game_engine.tlog\cl.command.1.tlog
j:\visual_studio_projects\2013_professional\3d_game_engine_tutorial\3d_game_engine\3d_game_engine\release\3d_game_engine.tlog\cl.read.1.tlog
j:\visual_studio_projects\2013_professional\3d_game_engine_tutorial\3d_game_engine\3d_game_engine\release\3d_game_engine.tlog\cl.write.1.tlog
j:\visual_studio_projects\2013_professional\3d_game_engine_tutorial\3d_game_engine\3d_game_engine\release\3d_game_engine.tlog\link.command.1.tlog
j:\visual_studio_projects\2013_professional\3d_game_engine_tutorial\3d_game_engine\3d_game_engine\release\3d_game_engine.tlog\link.read.1.tlog
j:\visual_studio_projects\2013_professional\3d_game_engine_tutorial\3d_game_engine\3d_game_engine\release\3d_game_engine.tlog\link.write.1.tlog
